{"name": "Проверка появления нового заказа в разделе \"В работе\"", "status": "broken", "statusDetails": {"message": "selenium.common.exceptions.TimeoutException: Message: \nStacktrace:\n\tGetHandleVerifier [0x00007FF6B6743E52+31618]\n\t(No symbol) [0x00007FF6B66BB0B9]\n\t(No symbol) [0x00007FF6B657888A]\n\t(No symbol) [0x00007FF6B65C8524]\n\t(No symbol) [0x00007FF6B65C862C]\n\t(No symbol) [0x00007FF6B660F787]\n\t(No symbol) [0x00007FF6B65ED14F]\n\t(No symbol) [0x00007FF6B660CA80]\n\t(No symbol) [0x00007FF6B65ECEB3]\n\t(No symbol) [0x00007FF6B65BA46B]\n\t(No symbol) [0x00007FF6B65BB001]\n\tGetHandleVerifier [0x00007FF6B6A4A02D+3202397]\n\tGetHandleVerifier [0x00007FF6B6A96A4D+3516285]\n\tGetHandleVerifier [0x00007FF6B6A8C4C0+3473904]\n\tGetHandleVerifier [0x00007FF6B67F5D56+760454]\n\t(No symbol) [0x00007FF6B66C6B5F]\n\t(No symbol) [0x00007FF6B66C1CF4]\n\t(No symbol) [0x00007FF6B66C1E82]\n\t(No symbol) [0x00007FF6B66B122F]\n\tBaseThreadInitThunk [0x00007FFE01337344+20]\n\tRtlUserThreadStart [0x00007FFE0159CC91+33]", "trace": "self = <test_feed_page.TestFeedPage object at 0x000001E87B572E40>\ndriver = <selenium.webdriver.chrome.webdriver.WebDriver (session=\"f5b552cb5c89264ca14bfcdff1117f15\")>, set_user_tokens = None\n\n    @allure.title('Проверка появления нового заказа в разделе \"В работе\"')\n    def test_displaying_new_order_in_progress_feed_success(self, driver, set_user_tokens):\n        main_page = MainPage(driver)\n        feed_page = FeedPage(driver)\n        main_page.click_on_button_login_in_main()\n        main_page.drag_and_drop_ingredient_to_order()\n        main_page.click_on_button_make_order()\n        new_order_number = main_page.get_number_of_order_in_modal_confirmation()\n        main_page.click_on_button_close_confirmation_modal()\n        main_page.click_header_feed_button()\n>       assert feed_page.check_displaying_order_number_in_feed_progress_section(new_order_number)\n\ntests\\test_feed_page.py:71: \n_ _ _ _ _ _ _ _ _ _ _ _ _ _ _ _ _ _ _ _ _ _ _ _ _ _ _ _ _ _ _ _ _ _ _ _ _ _ _ _ _ _ _ _ _ _ _ _ _ _ _ _ _ _ _ _ _ _ _ _ _ _ _ _ _ _ _ _ _ _ _ _ _ _ _ _ _ _ _ _ \npage_objects\\feed_page.py:43: in check_displaying_order_number_in_feed_progress_section\n    self.wait_visibility_of_element(locator_with_order_number)\npage_objects\\base_page.py:19: in wait_visibility_of_element\n    return WebDriverWait(self.driver, 15).until(expected_conditions.visibility_of_element_located(locator))\n_ _ _ _ _ _ _ _ _ _ _ _ _ _ _ _ _ _ _ _ _ _ _ _ _ _ _ _ _ _ _ _ _ _ _ _ _ _ _ _ _ _ _ _ _ _ _ _ _ _ _ _ _ _ _ _ _ _ _ _ _ _ _ _ _ _ _ _ _ _ _ _ _ _ _ _ _ _ _ _ \n\nself = <selenium.webdriver.support.wait.WebDriverWait (session=\"f5b552cb5c89264ca14bfcdff1117f15\")>\nmethod = <function visibility_of_element_located.<locals>._predicate at 0x000001E87BA334C0>, message = ''\n\n    def until(self, method: Callable[[D], Union[Literal[False], T]], message: str = \"\") -> T:\n        \"\"\"Calls the method provided with the driver as an argument until the \\\n        return value does not evaluate to ``False``.\n    \n        :param method: callable(WebDriver)\n        :param message: optional message for :exc:`TimeoutException`\n        :returns: the result of the last call to `method`\n        :raises: :exc:`selenium.common.exceptions.TimeoutException` if timeout occurs\n        \"\"\"\n        screen = None\n        stacktrace = None\n    \n        end_time = time.monotonic() + self._timeout\n        while True:\n            try:\n                value = method(self._driver)\n                if value:\n                    return value\n            except self._ignored_exceptions as exc:\n                screen = getattr(exc, \"screen\", None)\n                stacktrace = getattr(exc, \"stacktrace\", None)\n            time.sleep(self._poll)\n            if time.monotonic() > end_time:\n                break\n>       raise TimeoutException(message, screen, stacktrace)\nE       selenium.common.exceptions.TimeoutException: Message: \nE       Stacktrace:\nE       \tGetHandleVerifier [0x00007FF6B6743E52+31618]\nE       \t(No symbol) [0x00007FF6B66BB0B9]\nE       \t(No symbol) [0x00007FF6B657888A]\nE       \t(No symbol) [0x00007FF6B65C8524]\nE       \t(No symbol) [0x00007FF6B65C862C]\nE       \t(No symbol) [0x00007FF6B660F787]\nE       \t(No symbol) [0x00007FF6B65ED14F]\nE       \t(No symbol) [0x00007FF6B660CA80]\nE       \t(No symbol) [0x00007FF6B65ECEB3]\nE       \t(No symbol) [0x00007FF6B65BA46B]\nE       \t(No symbol) [0x00007FF6B65BB001]\nE       \tGetHandleVerifier [0x00007FF6B6A4A02D+3202397]\nE       \tGetHandleVerifier [0x00007FF6B6A96A4D+3516285]\nE       \tGetHandleVerifier [0x00007FF6B6A8C4C0+3473904]\nE       \tGetHandleVerifier [0x00007FF6B67F5D56+760454]\nE       \t(No symbol) [0x00007FF6B66C6B5F]\nE       \t(No symbol) [0x00007FF6B66C1CF4]\nE       \t(No symbol) [0x00007FF6B66C1E82]\nE       \t(No symbol) [0x00007FF6B66B122F]\nE       \tBaseThreadInitThunk [0x00007FFE01337344+20]\nE       \tRtlUserThreadStart [0x00007FFE0159CC91+33]\n\n.venv\\Lib\\site-packages\\selenium\\webdriver\\support\\wait.py:105: TimeoutException"}, "steps": [{"name": "Кликнуть по кнопке \"Войти в аккаунт\" на главной", "status": "passed", "steps": [{"name": "Кликнуть на элемент", "status": "passed", "parameters": [{"name": "locator", "value": "('xpath', './/button[text() = \"Войти в аккаунт\"]')"}], "start": 1718699972973, "stop": 1718699976300}], "start": 1718699972973, "stop": 1718699976300}, {"name": "Добавить интгридиенты", "status": "passed", "steps": [{"name": "Найти элемент на странице", "status": "passed", "parameters": [{"name": "locator", "value": "('xpath', './/*[@alt=\"Флюоресцентная булка R2-D3\"]')"}], "start": 1718699976301, "stop": 1718699976844}, {"name": "Найти элемент на странице", "status": "passed", "parameters": [{"name": "locator", "value": "('xpath', '//section[contains(@class, \"BurgerConstructor_basket\")]')"}], "start": 1718699976844, "stop": 1718699976867}, {"name": "Перетащить элемент", "status": "passed", "parameters": [{"name": "source_element", "value": "<selenium.webdriver.remote.webelement.WebElement (session=\"f5b552cb5c89264ca14bfcdff1117f15\", element=\"f.6EC33653BE9E2C4A21E10724D0556C4F.d.010B0BDFE6F5AEB14D21AA5CFDC7830F.e.22\")>"}, {"name": "target_element", "value": "<selenium.webdriver.remote.webelement.WebElement (session=\"f5b552cb5c89264ca14bfcdff1117f15\", element=\"f.6EC33653BE9E2C4A21E10724D0556C4F.d.010B0BDFE6F5AEB14D21AA5CFDC7830F.e.26\")>"}], "start": 1718699976867, "stop": 1718699982417}], "start": 1718699976301, "stop": 1718699982417}, {"name": "Кликнуть на кнопку создания заказа", "status": "passed", "steps": [{"name": "Кликнуть на элемент", "status": "passed", "parameters": [{"name": "locator", "value": "('class name', 'button_button__33qZ0')"}], "start": 1718699982417, "stop": 1718699985715}], "start": 1718699982417, "stop": 1718699985715}, {"name": "Получить номер в окне о создании заказа", "status": "passed", "steps": [{"name": "Получить текст на элементе", "status": "passed", "parameters": [{"name": "locator", "value": "('xpath', '//section[contains(@class, \"Modal_modal_opened\")]//h2')"}], "start": 1718699985715, "stop": 1718699985757}], "start": 1718699985715, "stop": 1718699985757}, {"name": "Кликнуть на кнопку закрытия окна о создании заказа", "status": "passed", "steps": [{"name": "Проверить кликабельность элемента", "status": "passed", "parameters": [{"name": "locator", "value": "('xpath', '//section[contains(@class, \"Modal_modal_opened\")]//button[contains(@class, \"close\")]')"}], "start": 1718699995758, "stop": 1718699995782}, {"name": "Кликнуть на элемент", "status": "passed", "parameters": [{"name": "locator", "value": "('xpath', '//section[contains(@class, \"Modal_modal_opened\")]//button[contains(@class, \"close\")]')"}], "start": 1718699995782, "stop": 1718699999076}], "start": 1718699985757, "stop": 1718699999076}, {"name": "Кликнуть по кнопке \"Лента заказов\" в хэдере", "status": "passed", "steps": [{"name": "Подождать прогрузки элемента", "status": "passed", "parameters": [{"name": "locator", "value": "('xpath', '//p[text()=\"Лента Заказов\"]/parent::a/parent::li')"}], "start": 1718699999077, "stop": 1718699999096}, {"name": "Кликнуть на элемент", "status": "passed", "parameters": [{"name": "locator", "value": "('xpath', '//p[text()=\"Лента Заказов\"]/parent::a/parent::li')"}], "start": 1718699999096, "stop": 1718700002396}], "start": 1718699999076, "stop": 1718700002396}, {"name": "Проверить появление номера нового заказа в разделе \"В работе\"", "status": "broken", "statusDetails": {"message": "selenium.common.exceptions.TimeoutException: Message: \nStacktrace:\n\tGetHandleVerifier [0x00007FF6B6743E52+31618]\n\t(No symbol) [0x00007FF6B66BB0B9]\n\t(No symbol) [0x00007FF6B657888A]\n\t(No symbol) [0x00007FF6B65C8524]\n\t(No symbol) [0x00007FF6B65C862C]\n\t(No symbol) [0x00007FF6B660F787]\n\t(No symbol) [0x00007FF6B65ED14F]\n\t(No symbol) [0x00007FF6B660CA80]\n\t(No symbol) [0x00007FF6B65ECEB3]\n\t(No symbol) [0x00007FF6B65BA46B]\n\t(No symbol) [0x00007FF6B65BB001]\n\tGetHandleVerifier [0x00007FF6B6A4A02D+3202397]\n\tGetHandleVerifier [0x00007FF6B6A96A4D+3516285]\n\tGetHandleVerifier [0x00007FF6B6A8C4C0+3473904]\n\tGetHandleVerifier [0x00007FF6B67F5D56+760454]\n\t(No symbol) [0x00007FF6B66C6B5F]\n\t(No symbol) [0x00007FF6B66C1CF4]\n\t(No symbol) [0x00007FF6B66C1E82]\n\t(No symbol) [0x00007FF6B66B122F]\n\tBaseThreadInitThunk [0x00007FFE01337344+20]\n\tRtlUserThreadStart [0x00007FFE0159CC91+33]\n\n", "trace": "  File \"C:\\Users\\Christina\\PycharmProjects\\Diplom\\Diplom_3\\.venv\\Lib\\site-packages\\allure_commons\\_allure.py\", line 192, in impl\n    return func(*a, **kw)\n           ^^^^^^^^^^^^^^\n  File \"C:\\Users\\Christina\\PycharmProjects\\Diplom\\Diplom_3\\page_objects\\feed_page.py\", line 43, in check_displaying_order_number_in_feed_progress_section\n    self.wait_visibility_of_element(locator_with_order_number)\n  File \"C:\\Users\\Christina\\PycharmProjects\\Diplom\\Diplom_3\\.venv\\Lib\\site-packages\\allure_commons\\_allure.py\", line 192, in impl\n    return func(*a, **kw)\n           ^^^^^^^^^^^^^^\n  File \"C:\\Users\\Christina\\PycharmProjects\\Diplom\\Diplom_3\\page_objects\\base_page.py\", line 19, in wait_visibility_of_element\n    return WebDriverWait(self.driver, 15).until(expected_conditions.visibility_of_element_located(locator))\n           ^^^^^^^^^^^^^^^^^^^^^^^^^^^^^^^^^^^^^^^^^^^^^^^^^^^^^^^^^^^^^^^^^^^^^^^^^^^^^^^^^^^^^^^^^^^^^^^^\n  File \"C:\\Users\\Christina\\PycharmProjects\\Diplom\\Diplom_3\\.venv\\Lib\\site-packages\\selenium\\webdriver\\support\\wait.py\", line 105, in until\n    raise TimeoutException(message, screen, stacktrace)\n"}, "steps": [{"name": "Подождать прогрузки элемента", "status": "broken", "statusDetails": {"message": "selenium.common.exceptions.TimeoutException: Message: \nStacktrace:\n\tGetHandleVerifier [0x00007FF6B6743E52+31618]\n\t(No symbol) [0x00007FF6B66BB0B9]\n\t(No symbol) [0x00007FF6B657888A]\n\t(No symbol) [0x00007FF6B65C8524]\n\t(No symbol) [0x00007FF6B65C862C]\n\t(No symbol) [0x00007FF6B660F787]\n\t(No symbol) [0x00007FF6B65ED14F]\n\t(No symbol) [0x00007FF6B660CA80]\n\t(No symbol) [0x00007FF6B65ECEB3]\n\t(No symbol) [0x00007FF6B65BA46B]\n\t(No symbol) [0x00007FF6B65BB001]\n\tGetHandleVerifier [0x00007FF6B6A4A02D+3202397]\n\tGetHandleVerifier [0x00007FF6B6A96A4D+3516285]\n\tGetHandleVerifier [0x00007FF6B6A8C4C0+3473904]\n\tGetHandleVerifier [0x00007FF6B67F5D56+760454]\n\t(No symbol) [0x00007FF6B66C6B5F]\n\t(No symbol) [0x00007FF6B66C1CF4]\n\t(No symbol) [0x00007FF6B66C1E82]\n\t(No symbol) [0x00007FF6B66B122F]\n\tBaseThreadInitThunk [0x00007FFE01337344+20]\n\tRtlUserThreadStart [0x00007FFE0159CC91+33]\n\n", "trace": "  File \"C:\\Users\\Christina\\PycharmProjects\\Diplom\\Diplom_3\\.venv\\Lib\\site-packages\\allure_commons\\_allure.py\", line 192, in impl\n    return func(*a, **kw)\n           ^^^^^^^^^^^^^^\n  File \"C:\\Users\\Christina\\PycharmProjects\\Diplom\\Diplom_3\\page_objects\\base_page.py\", line 19, in wait_visibility_of_element\n    return WebDriverWait(self.driver, 15).until(expected_conditions.visibility_of_element_located(locator))\n           ^^^^^^^^^^^^^^^^^^^^^^^^^^^^^^^^^^^^^^^^^^^^^^^^^^^^^^^^^^^^^^^^^^^^^^^^^^^^^^^^^^^^^^^^^^^^^^^^\n  File \"C:\\Users\\Christina\\PycharmProjects\\Diplom\\Diplom_3\\.venv\\Lib\\site-packages\\selenium\\webdriver\\support\\wait.py\", line 105, in until\n    raise TimeoutException(message, screen, stacktrace)\n"}, "parameters": [{"name": "locator", "value": "('xpath', '//ul[contains(@class, \"OrderFeed_orderListReady\")]/li[contains(@class, \"text_type_digits-default\")][contains(normalize-space(), \"9999\")]')"}], "start": 1718700002396, "stop": 1718700017698}], "parameters": [{"name": "order_number", "value": "'9999'"}], "start": 1718700002396, "stop": 1718700017699}], "parameters": [{"name": "driver", "value": "<class 'selenium.webdriver.chrome.webdriver.WebDriver'>"}], "start": 1718699972973, "stop": 1718700017700, "uuid": "9dd38c42-ef0b-4de8-acb2-eeefad1cf080", "historyId": "6f2bb6f4dd97f9bb14339bf988828fae", "testCaseId": "3b13507c76d4d01638ec82c9a50e891f", "fullName": "tests.test_feed_page.TestFeedPage#test_displaying_new_order_in_progress_feed_success", "labels": [{"name": "parentSuite", "value": "tests"}, {"name": "suite", "value": "test_feed_page"}, {"name": "subSuite", "value": "TestFeedPage"}, {"name": "host", "value": "LAPTOP-0911SMBB"}, {"name": "thread", "value": "28212-MainThread"}, {"name": "framework", "value": "pytest"}, {"name": "language", "value": "cpython3"}, {"name": "package", "value": "tests.test_feed_page"}]}