{"name": "Проверка появления нового заказа в разделе \"В работе\"", "status": "broken", "statusDetails": {"message": "selenium.common.exceptions.TimeoutException: Message:", "trace": "self = <test_feed_page.TestFeedPage object at 0x0000021FEB673020>\ndriver = <selenium.webdriver.firefox.webdriver.WebDriver (session=\"ff0dacb5-7e9b-499d-9d1c-f571ec89caf4\")>, set_user_tokens = None\n\n    @allure.title('Проверка появления нового заказа в разделе \"В работе\"')\n    def test_displaying_new_order_in_progress_feed_success(self, driver, set_user_tokens):\n        main_page = MainPage(driver)\n        feed_page = FeedPage(driver)\n        main_page.click_on_button_login_in_main()\n        main_page.drag_and_drop_ingredient_to_order()\n        main_page.click_on_button_make_order()\n>       new_order_id = main_page.get_number_of_order_in_modal_confirmation()\n\ntests\\test_feed_page.py:69: \n_ _ _ _ _ _ _ _ _ _ _ _ _ _ _ _ _ _ _ _ _ _ _ _ _ _ _ _ _ _ _ _ _ _ _ _ _ _ _ _ _ _ _ _ _ _ _ _ _ _ _ _ _ _ _ _ _ _ _ _ _ _ _ _ _ _ _ _ _ _ _ _ _ _ _ _ _ _ _ _\npage_objects\\main_page.py:76: in get_number_of_order_in_modal_confirmation\n    self.wait_for_element_to_change(MainPageLocators.number_of_order_in_modal_confirmation, '9999')\npage_objects\\base_page.py:55: in wait_for_element_to_change\n    return WebDriverWait(self.driver, 10).until_not(expected_conditions.\n_ _ _ _ _ _ _ _ _ _ _ _ _ _ _ _ _ _ _ _ _ _ _ _ _ _ _ _ _ _ _ _ _ _ _ _ _ _ _ _ _ _ _ _ _ _ _ _ _ _ _ _ _ _ _ _ _ _ _ _ _ _ _ _ _ _ _ _ _ _ _ _ _ _ _ _ _ _ _ _\n\nself = <selenium.webdriver.support.wait.WebDriverWait (session=\"ff0dacb5-7e9b-499d-9d1c-f571ec89caf4\")>\nmethod = <function text_to_be_present_in_element.<locals>._predicate at 0x0000021FEB73B6A0>, message = ''\n\n    def until_not(self, method: Callable[[D], T], message: str = \"\") -> Union[T, Literal[True]]:\n        \"\"\"Calls the method provided with the driver as an argument until the \\\n        return value evaluates to ``False``.\n    \n        :param method: callable(WebDriver)\n        :param message: optional message for :exc:`TimeoutException`\n        :returns: the result of the last call to `method`, or\n                  ``True`` if `method` has raised one of the ignored exceptions\n        :raises: :exc:`selenium.common.exceptions.TimeoutException` if timeout occurs\n        \"\"\"\n        end_time = time.monotonic() + self._timeout\n        while True:\n            try:\n                value = method(self._driver)\n                if not value:\n                    return value\n            except self._ignored_exceptions:\n                return True\n            time.sleep(self._poll)\n            if time.monotonic() > end_time:\n                break\n>       raise TimeoutException(message)\nE       selenium.common.exceptions.TimeoutException: Message:\n\n.venv\\Lib\\site-packages\\selenium\\webdriver\\support\\wait.py:128: TimeoutException"}, "steps": [{"name": "Кликнуть по кнопке \"Войти в аккаунт\" на главной", "status": "passed", "steps": [{"name": "Кликнуть на элемент", "status": "passed", "steps": [{"name": "Проверить кликабельность элемента", "status": "passed", "parameters": [{"name": "locator", "value": "('xpath', './/button[text() = \"Войти в аккаунт\"]')"}], "start": 1719116258813, "stop": 1719116258839}], "parameters": [{"name": "locator", "value": "('xpath', './/button[text() = \"Войти в аккаунт\"]')"}], "start": 1719116256812, "stop": 1719116259157}], "start": 1719116256812, "stop": 1719116259157}, {"name": "Добавить интгридиенты", "status": "passed", "steps": [{"name": "Найти элемент на странице", "status": "passed", "steps": [{"name": "Подождать прогрузки элемента", "status": "passed", "parameters": [{"name": "locator", "value": "('xpath', './/*[@alt=\"Флюоресцентная булка R2-D3\"]')"}], "start": 1719116259157, "stop": 1719116259675}], "parameters": [{"name": "locator", "value": "('xpath', './/*[@alt=\"Флюоресцентная булка R2-D3\"]')"}], "start": 1719116259157, "stop": 1719116259680}, {"name": "Найти элемент на странице", "status": "passed", "steps": [{"name": "Подождать прогрузки элемента", "status": "passed", "parameters": [{"name": "locator", "value": "('xpath', '//section[contains(@class, \"BurgerConstructor_basket\")]')"}], "start": 1719116259680, "stop": 1719116259691}], "parameters": [{"name": "locator", "value": "('xpath', '//section[contains(@class, \"BurgerConstructor_basket\")]')"}], "start": 1719116259680, "stop": 1719116259693}, {"name": "Перетащить элемент", "status": "passed", "parameters": [{"name": "source_element", "value": "<selenium.webdriver.remote.webelement.WebElement (session=\"ff0dacb5-7e9b-499d-9d1c-f571ec89caf4\", element=\"8ee2ce21-f811-490f-8cc1-9a1329a6533f\")>"}, {"name": "target_element", "value": "<selenium.webdriver.remote.webelement.WebElement (session=\"ff0dacb5-7e9b-499d-9d1c-f571ec89caf4\", element=\"52742f31-30d0-44a7-a2ed-09a21ccfaba0\")>"}], "start": 1719116259693, "stop": 1719116265313}], "start": 1719116259157, "stop": 1719116265313}, {"name": "Кликнуть на кнопку создания заказа", "status": "passed", "steps": [{"name": "Кликнуть на элемент", "status": "passed", "steps": [{"name": "Проверить кликабельность элемента", "status": "passed", "parameters": [{"name": "locator", "value": "('class name', 'button_button__33qZ0')"}], "start": 1719116267314, "stop": 1719116267333}], "parameters": [{"name": "locator", "value": "('class name', 'button_button__33qZ0')"}], "start": 1719116265313, "stop": 1719116267625}], "start": 1719116265313, "stop": 1719116267625}, {"name": "Получить номер в окне о создании заказа", "status": "broken", "statusDetails": {"message": "selenium.common.exceptions.TimeoutException: Message: \n\n", "trace": "  File \"C:\\Users\\Christina\\PycharmProjects\\Diplom\\Diplom_3\\.venv\\Lib\\site-packages\\allure_commons\\_allure.py\", line 192, in impl\n    return func(*a, **kw)\n           ^^^^^^^^^^^^^^\n  File \"C:\\Users\\Christina\\PycharmProjects\\Diplom\\Diplom_3\\page_objects\\main_page.py\", line 76, in get_number_of_order_in_modal_confirmation\n    self.wait_for_element_to_change(MainPageLocators.number_of_order_in_modal_confirmation, '9999')\n  File \"C:\\Users\\Christina\\PycharmProjects\\Diplom\\Diplom_3\\.venv\\Lib\\site-packages\\allure_commons\\_allure.py\", line 192, in impl\n    return func(*a, **kw)\n           ^^^^^^^^^^^^^^\n  File \"C:\\Users\\Christina\\PycharmProjects\\Diplom\\Diplom_3\\page_objects\\base_page.py\", line 55, in wait_for_element_to_change\n    return WebDriverWait(self.driver, 10).until_not(expected_conditions.\n           ^^^^^^^^^^^^^^^^^^^^^^^^^^^^^^^^^^^^^^^^^^^^^^^^^^^^^^^^^^^^^\n  File \"C:\\Users\\Christina\\PycharmProjects\\Diplom\\Diplom_3\\.venv\\Lib\\site-packages\\selenium\\webdriver\\support\\wait.py\", line 128, in until_not\n    raise TimeoutException(message)\n"}, "steps": [{"name": "Проверить кликабельность элемента", "status": "broken", "statusDetails": {"message": "selenium.common.exceptions.TimeoutException: Message: \n\n", "trace": "  File \"C:\\Users\\Christina\\PycharmProjects\\Diplom\\Diplom_3\\.venv\\Lib\\site-packages\\allure_commons\\_allure.py\", line 192, in impl\n    return func(*a, **kw)\n           ^^^^^^^^^^^^^^\n  File \"C:\\Users\\Christina\\PycharmProjects\\Diplom\\Diplom_3\\page_objects\\base_page.py\", line 55, in wait_for_element_to_change\n    return WebDriverWait(self.driver, 10).until_not(expected_conditions.\n           ^^^^^^^^^^^^^^^^^^^^^^^^^^^^^^^^^^^^^^^^^^^^^^^^^^^^^^^^^^^^^\n  File \"C:\\Users\\Christina\\PycharmProjects\\Diplom\\Diplom_3\\.venv\\Lib\\site-packages\\selenium\\webdriver\\support\\wait.py\", line 128, in until_not\n    raise TimeoutException(message)\n"}, "parameters": [{"name": "locator", "value": "('xpath', '//section[contains(@class, \"Modal_modal_opened\")]//h2')"}, {"name": "value", "value": "'9999'"}], "start": 1719116267625, "stop": 1719116277868}], "start": 1719116267625, "stop": 1719116277871}], "parameters": [{"name": "driver", "value": "<class 'selenium.webdriver.firefox.webdriver.WebDriver'>"}], "start": 1719116256812, "stop": 1719116277873, "uuid": "205d73bb-57cf-4b43-98cd-cc55983ad410", "historyId": "4de2fb1c4641bb8e74bdb7fd79d13068", "testCaseId": "3b13507c76d4d01638ec82c9a50e891f", "fullName": "tests.test_feed_page.TestFeedPage#test_displaying_new_order_in_progress_feed_success", "labels": [{"name": "parentSuite", "value": "tests"}, {"name": "suite", "value": "test_feed_page"}, {"name": "subSuite", "value": "TestFeedPage"}, {"name": "host", "value": "LAPTOP-0911SMBB"}, {"name": "thread", "value": "29128-MainThread"}, {"name": "framework", "value": "pytest"}, {"name": "language", "value": "cpython3"}, {"name": "package", "value": "tests.test_feed_page"}]}